2025-12-07 02:13:49 Request received: {"generalInfo":{"vesselName":"Blue Petra 2","poNumber":"122","requestDate":"2025-12-07","requestTime":"11:00","remarks":"","assignedAgentId":"10"},"otherServices":{"takeawayQuantity":12,"baggageHandlingQuantity":null},"crewDetails":[{"name":"Ahmad bin Razali","ic":"850101-11-5023","mobile":"012-3456789","nationality":"Malaysian","passportExpiry":null,"company":"Petra Energy","destination":"Platform Bekok A"},{"name":"Tan Wei Ling","ic":"900520-10-6622","mobile":"019-8765432","nationality":"Malaysian","passportExpiry":null,"company":"Dialog Group","destination":"Vessel SK Pilot"},{"name":"Muthu a/l Kumar","ic":"921215-08-7733","mobile":"017-2233445","nationality":"Malaysian","passportExpiry":null,"company":"Sapura Energy","destination":"Platform Tapis B"},{"name":"John Smith","ic":"558822113","mobile":"011-55566677","nationality":"British","passportExpiry":"2028-12-01","company":"Shell","destination":"Rig 5"},{"name":"Supardi Nasir","ic":"B9876543","mobile":"011-33445566","nationality":"Indonesian","passportExpiry":"2026-05-01","company":"Petra Energy","destination":"Vessel Setia"},{"name":"Nguyen Van Hung","ic":"C5544332","mobile":"018-9988776","nationality":"Vietnamese","passportExpiry":"2027-08-01","company":"Barakah Offshore","destination":"Platform Pulai"},{"name":"Jose Rizal","ic":"P44556677","mobile":"016-4455667","nationality":"Filipino","passportExpiry":"2025-11-01","company":"Sapura Energy","destination":"Vessel SK Deep"},{"name":"Li Wei","ic":"E99887766","mobile":"014-2233112","nationality":"Chinese","passportExpiry":"2029-03-01","company":"COSL","destination":"Rig 2"},{"name":"Siti Sarah","ic":"A11223344","mobile":"013-5556666","nationality":"Malaysian","passportExpiry":"2030-07-01","company":"Petronas","destination":"Platform Dulang"},{"name":"Robert Doe","ic":"US98765432","mobile":"010-9988112","nationality":"American","passportExpiry":"2026-01-01","company":"ExxonMobil","destination":"Platform Guntong"},{"name":"Rajesh Patel","ic":"Z1234567","mobile":"015-6677889","nationality":"Indian","passportExpiry":"2027-09-01","company":"Bumi Armada","destination":"Vessel Armada 1"},{"name":"Ahmed Al-Fayed","ic":"E1239876","mobile":"019-2233445","nationality":"Emirati","passportExpiry":"2026-06-01","company":"Mubadala","destination":"Platform Raya"}]}
2025-12-07 02:14:23 Request received: {"generalInfo":{"vesselName":"Marine Success","poNumber":"122","requestDate":"2025-12-07","requestTime":"11:00","remarks":"","assignedAgentId":"2"},"otherServices":{"takeawayQuantity":12,"baggageHandlingQuantity":null},"crewDetails":[{"name":"Ahmad bin Razali","ic":"850101-11-5023","mobile":"012-3456789","nationality":"Malaysian","passportExpiry":null,"company":"Petra Energy","destination":"Platform Bekok A"},{"name":"Tan Wei Ling","ic":"900520-10-6622","mobile":"019-8765432","nationality":"Malaysian","passportExpiry":null,"company":"Dialog Group","destination":"Vessel SK Pilot"},{"name":"Muthu a/l Kumar","ic":"921215-08-7733","mobile":"017-2233445","nationality":"Malaysian","passportExpiry":null,"company":"Sapura Energy","destination":"Platform Tapis B"},{"name":"John Smith","ic":"558822113","mobile":"011-55566677","nationality":"British","passportExpiry":"2028-12-01","company":"Shell","destination":"Rig 5"},{"name":"Supardi Nasir","ic":"B9876543","mobile":"011-33445566","nationality":"Indonesian","passportExpiry":"2026-05-01","company":"Petra Energy","destination":"Vessel Setia"},{"name":"Nguyen Van Hung","ic":"C5544332","mobile":"018-9988776","nationality":"Vietnamese","passportExpiry":"2027-08-01","company":"Barakah Offshore","destination":"Platform Pulai"},{"name":"Jose Rizal","ic":"P44556677","mobile":"016-4455667","nationality":"Filipino","passportExpiry":"2025-11-01","company":"Sapura Energy","destination":"Vessel SK Deep"},{"name":"Li Wei","ic":"E99887766","mobile":"014-2233112","nationality":"Chinese","passportExpiry":"2029-03-01","company":"COSL","destination":"Rig 2"},{"name":"Siti Sarah","ic":"A11223344","mobile":"013-5556666","nationality":"Malaysian","passportExpiry":"2030-07-01","company":"Petronas","destination":"Platform Dulang"},{"name":"Robert Doe","ic":"US98765432","mobile":"010-9988112","nationality":"American","passportExpiry":"2026-01-01","company":"ExxonMobil","destination":"Platform Guntong"},{"name":"Rajesh Patel","ic":"Z1234567","mobile":"015-6677889","nationality":"Indian","passportExpiry":"2027-09-01","company":"Bumi Armada","destination":"Vessel Armada 1"},{"name":"Ahmed Al-Fayed","ic":"E1239876","mobile":"019-2233445","nationality":"Emirati","passportExpiry":"2026-06-01","company":"Mubadala","destination":"Platform Raya"}]}
2025-12-07 02:15:59 Request received: {"generalInfo":{"vesselName":"Alkahfi Asura","poNumber":"","requestDate":"2025-12-07","requestTime":"11:00","remarks":"","assignedAgentId":"10"},"otherServices":{"takeawayQuantity":null,"baggageHandlingQuantity":null},"crewDetails":[{"name":"Ahmad bin Razali","ic":"850101-11-5023","mobile":"012-3456789","nationality":"Malaysian","passportExpiry":null,"company":"Petra Energy","destination":"Platform Bekok A"},{"name":"Tan Wei Ling","ic":"900520-10-6622","mobile":"019-8765432","nationality":"Malaysian","passportExpiry":null,"company":"Dialog Group","destination":"Vessel SK Pilot"},{"name":"Muthu a/l Kumar","ic":"921215-08-7733","mobile":"017-2233445","nationality":"Malaysian","passportExpiry":null,"company":"Sapura Energy","destination":"Platform Tapis B"},{"name":"John Smith","ic":"558822113","mobile":"011-55566677","nationality":"British","passportExpiry":"2028-12-01","company":"Shell","destination":"Rig 5"},{"name":"Supardi Nasir","ic":"B9876543","mobile":"011-33445566","nationality":"Indonesian","passportExpiry":"2026-05-01","company":"Petra Energy","destination":"Vessel Setia"},{"name":"Nguyen Van Hung","ic":"C5544332","mobile":"018-9988776","nationality":"Vietnamese","passportExpiry":"2027-08-01","company":"Barakah Offshore","destination":"Platform Pulai"},{"name":"Jose Rizal","ic":"P44556677","mobile":"016-4455667","nationality":"Filipino","passportExpiry":"2025-11-01","company":"Sapura Energy","destination":"Vessel SK Deep"},{"name":"Li Wei","ic":"E99887766","mobile":"014-2233112","nationality":"Chinese","passportExpiry":"2029-03-01","company":"COSL","destination":"Rig 2"},{"name":"Siti Sarah","ic":"A11223344","mobile":"013-5556666","nationality":"Malaysian","passportExpiry":"2030-07-01","company":"Petronas","destination":"Platform Dulang"},{"name":"Robert Doe","ic":"US98765432","mobile":"010-9988112","nationality":"American","passportExpiry":"2026-01-01","company":"ExxonMobil","destination":"Platform Guntong"},{"name":"Rajesh Patel","ic":"Z1234567","mobile":"015-6677889","nationality":"Indian","passportExpiry":"2027-09-01","company":"Bumi Armada","destination":"Vessel Armada 1"},{"name":"Ahmed Al-Fayed","ic":"E1239876","mobile":"019-2233445","nationality":"Emirati","passportExpiry":"2026-06-01","company":"Mubadala","destination":"Platform Raya"}]}
2025-12-07 02:15:59 User: {"id":3,"username":"ktsb","email":"admin@ktsb.com","name":null,"company":"Kuala Terengganu Support Base","customer_code":"KTSB","role":"user","user_type":"user","user_id":3}
2025-12-07 02:15:59 CP: Connecting to DB...
2025-12-07 02:15:59 CP: Connected to DB
2025-12-07 02:16:13 Request received: {"generalInfo":{"vesselName":"Alkahfi Asura","poNumber":"122","requestDate":"2025-12-07","requestTime":"11:00","remarks":"","assignedAgentId":"10"},"otherServices":{"takeawayQuantity":null,"baggageHandlingQuantity":null},"crewDetails":[{"name":"Ahmad bin Razali","ic":"850101-11-5023","mobile":"012-3456789","nationality":"Malaysian","passportExpiry":null,"company":"Petra Energy","destination":"Platform Bekok A"},{"name":"Tan Wei Ling","ic":"900520-10-6622","mobile":"019-8765432","nationality":"Malaysian","passportExpiry":null,"company":"Dialog Group","destination":"Vessel SK Pilot"},{"name":"Muthu a/l Kumar","ic":"921215-08-7733","mobile":"017-2233445","nationality":"Malaysian","passportExpiry":null,"company":"Sapura Energy","destination":"Platform Tapis B"},{"name":"John Smith","ic":"558822113","mobile":"011-55566677","nationality":"British","passportExpiry":"2028-12-01","company":"Shell","destination":"Rig 5"},{"name":"Supardi Nasir","ic":"B9876543","mobile":"011-33445566","nationality":"Indonesian","passportExpiry":"2026-05-01","company":"Petra Energy","destination":"Vessel Setia"},{"name":"Nguyen Van Hung","ic":"C5544332","mobile":"018-9988776","nationality":"Vietnamese","passportExpiry":"2027-08-01","company":"Barakah Offshore","destination":"Platform Pulai"},{"name":"Jose Rizal","ic":"P44556677","mobile":"016-4455667","nationality":"Filipino","passportExpiry":"2025-11-01","company":"Sapura Energy","destination":"Vessel SK Deep"},{"name":"Li Wei","ic":"E99887766","mobile":"014-2233112","nationality":"Chinese","passportExpiry":"2029-03-01","company":"COSL","destination":"Rig 2"},{"name":"Siti Sarah","ic":"A11223344","mobile":"013-5556666","nationality":"Malaysian","passportExpiry":"2030-07-01","company":"Petronas","destination":"Platform Dulang"},{"name":"Robert Doe","ic":"US98765432","mobile":"010-9988112","nationality":"American","passportExpiry":"2026-01-01","company":"ExxonMobil","destination":"Platform Guntong"},{"name":"Rajesh Patel","ic":"Z1234567","mobile":"015-6677889","nationality":"Indian","passportExpiry":"2027-09-01","company":"Bumi Armada","destination":"Vessel Armada 1"},{"name":"Ahmed Al-Fayed","ic":"E1239876","mobile":"019-2233445","nationality":"Emirati","passportExpiry":"2026-06-01","company":"Mubadala","destination":"Platform Raya"}]}
2025-12-07 02:16:13 User: {"id":3,"username":"ktsb","email":"admin@ktsb.com","name":null,"company":"Kuala Terengganu Support Base","customer_code":"KTSB","role":"user","user_type":"user","user_id":3}
2025-12-07 02:16:13 CP: Connecting to DB...
2025-12-07 02:16:13 CP: Connected to DB
2025-12-07 02:21:01 Request received: {"generalInfo":{"vesselName":"Blue Petra 2","poNumber":"122","requestDate":"2025-12-07","requestTime":"11:00","remarks":"","assignedAgentId":"9"},"otherServices":{"takeawayQuantity":null,"baggageHandlingQuantity":null},"crewDetails":[{"name":"Ahmad bin Razali","ic":"850101-11-5023","mobile":"012-3456789","nationality":"Malaysian","passportExpiry":null,"company":"Petra Energy","destination":"Platform Bekok A"},{"name":"Tan Wei Ling","ic":"900520-10-6622","mobile":"019-8765432","nationality":"Malaysian","passportExpiry":null,"company":"Dialog Group","destination":"Vessel SK Pilot"},{"name":"Muthu a/l Kumar","ic":"921215-08-7733","mobile":"017-2233445","nationality":"Malaysian","passportExpiry":null,"company":"Sapura Energy","destination":"Platform Tapis B"},{"name":"John Smith","ic":"558822113","mobile":"011-55566677","nationality":"British","passportExpiry":"2028-12-01","company":"Shell","destination":"Rig 5"},{"name":"Supardi Nasir","ic":"B9876543","mobile":"011-33445566","nationality":"Indonesian","passportExpiry":"2026-05-01","company":"Petra Energy","destination":"Vessel Setia"},{"name":"Nguyen Van Hung","ic":"C5544332","mobile":"018-9988776","nationality":"Vietnamese","passportExpiry":"2027-08-01","company":"Barakah Offshore","destination":"Platform Pulai"},{"name":"Jose Rizal","ic":"P44556677","mobile":"016-4455667","nationality":"Filipino","passportExpiry":"2025-11-01","company":"Sapura Energy","destination":"Vessel SK Deep"},{"name":"Li Wei","ic":"E99887766","mobile":"014-2233112","nationality":"Chinese","passportExpiry":"2029-03-01","company":"COSL","destination":"Rig 2"},{"name":"Siti Sarah","ic":"A11223344","mobile":"013-5556666","nationality":"Malaysian","passportExpiry":"2030-07-01","company":"Petronas","destination":"Platform Dulang"},{"name":"Robert Doe","ic":"US98765432","mobile":"010-9988112","nationality":"American","passportExpiry":"2026-01-01","company":"ExxonMobil","destination":"Platform Guntong"},{"name":"Rajesh Patel","ic":"Z1234567","mobile":"015-6677889","nationality":"Indian","passportExpiry":"2027-09-01","company":"Bumi Armada","destination":"Vessel Armada 1"},{"name":"Ahmed Al-Fayed","ic":"E1239876","mobile":"019-2233445","nationality":"Emirati","passportExpiry":"2026-06-01","company":"Mubadala","destination":"Platform Raya"}]}
2025-12-07 02:21:01 User: {"id":3,"username":"ktsb","email":"admin@ktsb.com","name":null,"company":"Kuala Terengganu Support Base","customer_code":"KTSB","role":"user","user_type":"user","user_id":3}
2025-12-07 02:21:01 CP: Connecting to DB...
2025-12-07 02:21:01 CP: Connected to DB
2025-12-07 02:21:01 CP: Starting Transaction
2025-12-07 02:21:01 CP: Generating Request ID
2025-12-07 02:21:01 CP: Request ID Generated: CRF25000015
2025-12-07 02:21:01 CP: Inserting main request
2025-12-07 02:21:01 CP: Main request inserted
2025-12-07 02:22:39 Request received: {"generalInfo":{"vesselName":"Alkahfi Asura","poNumber":"4455","requestDate":"2025-12-07","requestTime":"11:00","remarks":"","assignedAgentId":"7"},"otherServices":{"takeawayQuantity":null,"baggageHandlingQuantity":null},"crewDetails":[{"name":"Ahmad bin Razali","ic":"850101-11-5023","mobile":"012-3456789","nationality":"Malaysian","passportExpiry":null,"company":"Petra Energy","destination":"Platform Bekok A"},{"name":"Tan Wei Ling","ic":"900520-10-6622","mobile":"019-8765432","nationality":"Malaysian","passportExpiry":null,"company":"Dialog Group","destination":"Vessel SK Pilot"},{"name":"Muthu a/l Kumar","ic":"921215-08-7733","mobile":"017-2233445","nationality":"Malaysian","passportExpiry":null,"company":"Sapura Energy","destination":"Platform Tapis B"},{"name":"John Smith","ic":"558822113","mobile":"011-55566677","nationality":"British","passportExpiry":"2028-12-01","company":"Shell","destination":"Rig 5"},{"name":"Supardi Nasir","ic":"B9876543","mobile":"011-33445566","nationality":"Indonesian","passportExpiry":"2026-05-01","company":"Petra Energy","destination":"Vessel Setia"},{"name":"Nguyen Van Hung","ic":"C5544332","mobile":"018-9988776","nationality":"Vietnamese","passportExpiry":"2027-08-01","company":"Barakah Offshore","destination":"Platform Pulai"},{"name":"Jose Rizal","ic":"P44556677","mobile":"016-4455667","nationality":"Filipino","passportExpiry":"2025-11-01","company":"Sapura Energy","destination":"Vessel SK Deep"},{"name":"Li Wei","ic":"E99887766","mobile":"014-2233112","nationality":"Chinese","passportExpiry":"2029-03-01","company":"COSL","destination":"Rig 2"},{"name":"Siti Sarah","ic":"A11223344","mobile":"013-5556666","nationality":"Malaysian","passportExpiry":"2030-07-01","company":"Petronas","destination":"Platform Dulang"},{"name":"Robert Doe","ic":"US98765432","mobile":"010-9988112","nationality":"American","passportExpiry":"2026-01-01","company":"ExxonMobil","destination":"Platform Guntong"},{"name":"Rajesh Patel","ic":"Z1234567","mobile":"015-6677889","nationality":"Indian","passportExpiry":"2027-09-01","company":"Bumi Armada","destination":"Vessel Armada 1"},{"name":"Ahmed Al-Fayed","ic":"E1239876","mobile":"019-2233445","nationality":"Emirati","passportExpiry":"2026-06-01","company":"Mubadala","destination":"Platform Raya"}]}
2025-12-07 02:22:39 User: {"id":3,"username":"ktsb","email":"admin@ktsb.com","name":null,"company":"Kuala Terengganu Support Base","customer_code":"KTSB","role":"user","user_type":"user","user_id":3}
2025-12-07 02:22:39 CP: Connecting to DB...
2025-12-07 02:22:39 CP: Connected to DB
2025-12-07 02:22:39 CP: Starting Transaction
2025-12-07 02:22:39 CP: Generating Request ID
2025-12-07 02:22:39 CP: Request ID Generated: CRF25000016
2025-12-07 02:22:39 CP: Inserting main request
2025-12-07 02:22:39 CP: Main request inserted
2025-12-07 02:22:39 CP: Preparing crew stmt 12 items
2025-12-07 02:22:39 CP: Inserting crew #0
2025-12-07 02:22:39 CP: Inserting crew #1
2025-12-07 02:22:39 CP: Inserting crew #2
2025-12-07 02:22:39 CP: Inserting crew #3
2025-12-07 02:22:39 CP: Inserting crew #4
2025-12-07 02:22:39 CP: Inserting crew #5
2025-12-07 02:22:39 CP: Inserting crew #6
2025-12-07 02:22:39 CP: Inserting crew #7
2025-12-07 02:22:39 CP: Inserting crew #8
2025-12-07 02:22:39 CP: Inserting crew #9
2025-12-07 02:22:39 CP: Inserting crew #10
2025-12-07 02:22:39 CP: Inserting crew #11
2025-12-07 02:22:39 CP: All crew inserted
2025-12-07 02:22:39 CP: Creating notification
2025-12-07 02:22:39 CP: Notification created
2025-12-07 02:22:39 CP: Committed
2025-12-07 02:30:37 Request received: {"generalInfo":{"vesselName":"Gen 4 One","poNumber":"","requestDate":"2025-12-07","requestTime":"11:00","remarks":"","assignedAgentId":"6"},"otherServices":{"takeawayQuantity":12,"baggageHandlingQuantity":null},"crewDetails":[{"name":"Ahmad bin Razali","ic":"850101-11-5023","mobile":"012-3456789","nationality":"Malaysian","passportExpiry":null,"company":"Petra Energy","destination":"Platform Bekok A"},{"name":"Tan Wei Ling","ic":"900520-10-6622","mobile":"019-8765432","nationality":"Malaysian","passportExpiry":null,"company":"Dialog Group","destination":"Vessel SK Pilot"},{"name":"Muthu a/l Kumar","ic":"921215-08-7733","mobile":"017-2233445","nationality":"Malaysian","passportExpiry":null,"company":"Sapura Energy","destination":"Platform Tapis B"},{"name":"John Smith","ic":"558822113","mobile":"011-55566677","nationality":"British","passportExpiry":"2028-12-01","company":"Shell","destination":"Rig 5"},{"name":"Supardi Nasir","ic":"B9876543","mobile":"011-33445566","nationality":"Indonesian","passportExpiry":"2026-05-01","company":"Petra Energy","destination":"Vessel Setia"},{"name":"Nguyen Van Hung","ic":"C5544332","mobile":"018-9988776","nationality":"Vietnamese","passportExpiry":"2027-08-01","company":"Barakah Offshore","destination":"Platform Pulai"},{"name":"Jose Rizal","ic":"P44556677","mobile":"016-4455667","nationality":"Filipino","passportExpiry":"2025-11-01","company":"Sapura Energy","destination":"Vessel SK Deep"},{"name":"Li Wei","ic":"E99887766","mobile":"014-2233112","nationality":"Chinese","passportExpiry":"2029-03-01","company":"COSL","destination":"Rig 2"},{"name":"Siti Sarah","ic":"A11223344","mobile":"013-5556666","nationality":"Malaysian","passportExpiry":"2030-07-01","company":"Petronas","destination":"Platform Dulang"},{"name":"Robert Doe","ic":"US98765432","mobile":"010-9988112","nationality":"American","passportExpiry":"2026-01-01","company":"ExxonMobil","destination":"Platform Guntong"},{"name":"Rajesh Patel","ic":"Z1234567","mobile":"015-6677889","nationality":"Indian","passportExpiry":"2027-09-01","company":"Bumi Armada","destination":"Vessel Armada 1"},{"name":"Ahmed Al-Fayed","ic":"E1239876","mobile":"019-2233445","nationality":"Emirati","passportExpiry":"2026-06-01","company":"Mubadala","destination":"Platform Raya"}]}
2025-12-07 02:30:37 User: {"id":3,"username":"ktsb","email":"admin@ktsb.com","name":null,"company":"Kuala Terengganu Support Base","customer_code":"KTSB","role":"user","user_type":"user","user_id":3}
2025-12-07 02:30:37 CP: Connecting to DB...
2025-12-07 02:30:37 CP: Connected to DB
2025-12-07 02:30:37 CP: Starting Transaction
2025-12-07 02:30:37 CP: Generating Request ID
2025-12-07 02:30:37 CP: Request ID Generated: CRF25000017
2025-12-07 02:30:37 CP: Inserting main request
2025-12-07 02:30:37 CP: Main request inserted
2025-12-07 02:30:37 CP: Preparing crew stmt 12 items
2025-12-07 02:30:37 CP: Inserting crew #0
2025-12-07 02:30:37 CP: Inserting crew #1
2025-12-07 02:30:37 CP: Inserting crew #2
2025-12-07 02:30:37 CP: Inserting crew #3
2025-12-07 02:30:37 CP: Inserting crew #4
2025-12-07 02:30:37 CP: Inserting crew #5
2025-12-07 02:30:37 CP: Inserting crew #6
2025-12-07 02:30:37 CP: Inserting crew #7
2025-12-07 02:30:37 CP: Inserting crew #8
2025-12-07 02:30:37 CP: Inserting crew #9
2025-12-07 02:30:37 CP: Inserting crew #10
2025-12-07 02:30:37 CP: Inserting crew #11
2025-12-07 02:30:37 CP: All crew inserted
2025-12-07 02:30:37 CP: Creating notification
2025-12-07 02:30:37 CP: Notification created
2025-12-07 02:30:37 CP: Committed
2025-12-07 02:30:48 Request received: {"generalInfo":{"vesselName":"Gen 4 One","poNumber":"","requestDate":"2025-12-07","requestTime":"11:00","remarks":"","assignedAgentId":"6"},"otherServices":{"takeawayQuantity":12,"baggageHandlingQuantity":null},"crewDetails":[{"name":"Ahmad bin Razali","ic":"850101-11-5023","mobile":"012-3456789","nationality":"Malaysian","passportExpiry":null,"company":"Petra Energy","destination":"Platform Bekok A"},{"name":"Tan Wei Ling","ic":"900520-10-6622","mobile":"019-8765432","nationality":"Malaysian","passportExpiry":null,"company":"Dialog Group","destination":"Vessel SK Pilot"},{"name":"Muthu a/l Kumar","ic":"921215-08-7733","mobile":"017-2233445","nationality":"Malaysian","passportExpiry":null,"company":"Sapura Energy","destination":"Platform Tapis B"},{"name":"John Smith","ic":"558822113","mobile":"011-55566677","nationality":"British","passportExpiry":"2028-12-01","company":"Shell","destination":"Rig 5"},{"name":"Supardi Nasir","ic":"B9876543","mobile":"011-33445566","nationality":"Indonesian","passportExpiry":"2026-05-01","company":"Petra Energy","destination":"Vessel Setia"},{"name":"Nguyen Van Hung","ic":"C5544332","mobile":"018-9988776","nationality":"Vietnamese","passportExpiry":"2027-08-01","company":"Barakah Offshore","destination":"Platform Pulai"},{"name":"Jose Rizal","ic":"P44556677","mobile":"016-4455667","nationality":"Filipino","passportExpiry":"2025-11-01","company":"Sapura Energy","destination":"Vessel SK Deep"},{"name":"Li Wei","ic":"E99887766","mobile":"014-2233112","nationality":"Chinese","passportExpiry":"2029-03-01","company":"COSL","destination":"Rig 2"},{"name":"Siti Sarah","ic":"A11223344","mobile":"013-5556666","nationality":"Malaysian","passportExpiry":"2030-07-01","company":"Petronas","destination":"Platform Dulang"},{"name":"Robert Doe","ic":"US98765432","mobile":"010-9988112","nationality":"American","passportExpiry":"2026-01-01","company":"ExxonMobil","destination":"Platform Guntong"},{"name":"Rajesh Patel","ic":"Z1234567","mobile":"015-6677889","nationality":"Indian","passportExpiry":"2027-09-01","company":"Bumi Armada","destination":"Vessel Armada 1"},{"name":"Ahmed Al-Fayed","ic":"E1239876","mobile":"019-2233445","nationality":"Emirati","passportExpiry":"2026-06-01","company":"Mubadala","destination":"Platform Raya"}]}
2025-12-07 02:30:48 User: {"id":3,"username":"ktsb","email":"admin@ktsb.com","name":null,"company":"Kuala Terengganu Support Base","customer_code":"KTSB","role":"user","user_type":"user","user_id":3}
2025-12-07 02:30:48 CP: Connecting to DB...
2025-12-07 02:30:48 CP: Connected to DB
2025-12-07 02:30:48 CP: Starting Transaction
2025-12-07 02:30:48 CP: Generating Request ID
2025-12-07 02:30:48 CP: Request ID Generated: CRF25000018
2025-12-07 02:30:48 CP: Inserting main request
2025-12-07 02:30:48 CP: Main request inserted
2025-12-07 02:30:48 CP: Preparing crew stmt 12 items
2025-12-07 02:30:48 CP: Inserting crew #0
2025-12-07 02:30:48 CP: Inserting crew #1
2025-12-07 02:30:48 CP: Inserting crew #2
2025-12-07 02:30:48 CP: Inserting crew #3
2025-12-07 02:30:48 CP: Inserting crew #4
2025-12-07 02:30:48 CP: Inserting crew #5
2025-12-07 02:30:48 CP: Inserting crew #6
2025-12-07 02:30:48 CP: Inserting crew #7
2025-12-07 02:30:48 CP: Inserting crew #8
2025-12-07 02:30:48 CP: Inserting crew #9
2025-12-07 02:30:48 CP: Inserting crew #10
2025-12-07 02:30:48 CP: Inserting crew #11
2025-12-07 02:30:48 CP: All crew inserted
2025-12-07 02:30:48 CP: Creating notification
2025-12-07 02:30:48 CP: Notification created
2025-12-07 02:30:48 CP: Committed
2025-12-07 02:39:41 Request received: {"generalInfo":{"vesselName":"Alkahfi Courage","poNumber":"1254","requestDate":"2025-12-07","requestTime":"11:00","remarks":"123456","assignedAgentId":"8"},"otherServices":{"takeawayQuantity":12,"baggageHandlingQuantity":null},"crewDetails":[{"name":"Ahmad bin Razali","ic":"850101-11-5023","mobile":"012-3456789","nationality":"Malaysian","passportExpiry":null,"company":"Petra Energy","destination":"Platform Bekok A"},{"name":"Tan Wei Ling","ic":"900520-10-6622","mobile":"019-8765432","nationality":"Malaysian","passportExpiry":null,"company":"Dialog Group","destination":"Vessel SK Pilot"},{"name":"Muthu a/l Kumar","ic":"921215-08-7733","mobile":"017-2233445","nationality":"Malaysian","passportExpiry":null,"company":"Sapura Energy","destination":"Platform Tapis B"},{"name":"John Smith","ic":"558822113","mobile":"011-55566677","nationality":"British","passportExpiry":"2028-12-01","company":"Shell","destination":"Rig 5"},{"name":"Supardi Nasir","ic":"B9876543","mobile":"011-33445566","nationality":"Indonesian","passportExpiry":"2026-05-01","company":"Petra Energy","destination":"Vessel Setia"},{"name":"Nguyen Van Hung","ic":"C5544332","mobile":"018-9988776","nationality":"Vietnamese","passportExpiry":"2027-08-01","company":"Barakah Offshore","destination":"Platform Pulai"},{"name":"Jose Rizal","ic":"P44556677","mobile":"016-4455667","nationality":"Filipino","passportExpiry":"2025-11-01","company":"Sapura Energy","destination":"Vessel SK Deep"},{"name":"Li Wei","ic":"E99887766","mobile":"014-2233112","nationality":"Chinese","passportExpiry":"2029-03-01","company":"COSL","destination":"Rig 2"},{"name":"Siti Sarah","ic":"A11223344","mobile":"013-5556666","nationality":"Malaysian","passportExpiry":"2030-07-01","company":"Petronas","destination":"Platform Dulang"},{"name":"Robert Doe","ic":"US98765432","mobile":"010-9988112","nationality":"American","passportExpiry":"2026-01-01","company":"ExxonMobil","destination":"Platform Guntong"},{"name":"Rajesh Patel","ic":"Z1234567","mobile":"015-6677889","nationality":"Indian","passportExpiry":"2027-09-01","company":"Bumi Armada","destination":"Vessel Armada 1"},{"name":"Ahmed Al-Fayed","ic":"E1239876","mobile":"019-2233445","nationality":"Emirati","passportExpiry":"2026-06-01","company":"Mubadala","destination":"Platform Raya"}]}
2025-12-07 02:39:41 User: {"id":3,"username":"ktsb","email":"admin@ktsb.com","name":null,"company":"Kuala Terengganu Support Base","customer_code":"KTSB","role":"user","user_type":"user","user_id":3}
2025-12-07 02:39:41 CP: Connecting to DB...
2025-12-07 02:39:41 CP: Connected to DB
2025-12-07 02:39:41 CP: Starting Transaction
2025-12-07 02:39:41 CP: Generating Request ID
2025-12-07 02:39:41 CP: Request ID Generated: CRF25000019
2025-12-07 02:39:41 CP: Inserting main request
2025-12-07 02:39:41 CP: Main request inserted
2025-12-07 02:39:41 CP: Preparing crew stmt 12 items
2025-12-07 02:39:41 CP: Inserting crew #0
2025-12-07 02:39:41 CP: Inserting crew #1
2025-12-07 02:39:41 CP: Inserting crew #2
2025-12-07 02:39:41 CP: Inserting crew #3
2025-12-07 02:39:41 CP: Inserting crew #4
2025-12-07 02:39:41 CP: Inserting crew #5
2025-12-07 02:39:41 CP: Inserting crew #6
2025-12-07 02:39:41 CP: Inserting crew #7
2025-12-07 02:39:41 CP: Inserting crew #8
2025-12-07 02:39:41 CP: Inserting crew #9
2025-12-07 02:39:41 CP: Inserting crew #10
2025-12-07 02:39:41 CP: Inserting crew #11
2025-12-07 02:39:41 CP: All crew inserted
2025-12-07 02:39:41 CP: Creating notification
2025-12-07 02:39:41 CP: Notification created
2025-12-07 02:39:41 CP: Committed
